INFO:root:
        Subtitles have 1116 lines and 3 speakers:
        {'Ichinose': 555, 'Tamaki': 537, 'Translator': 24}        

        Start time (s): 278.58
        End time (s): 3725.9
        
INFO:root:               Start         End  ...  End_seconds  End_samples
Ichinose                          ...                          
6         0:04:43.95  0:04:45.10  ...       285.10     12572910
12        0:04:57.55  0:05:14.01  ...       314.01     13847841
17        0:05:16.30  0:05:20.70  ...       320.70     14142870
23        0:05:34.18  0:05:38.47  ...       338.47     14926527
28        0:05:47.32  0:05:54.58  ...       354.58     15636978

[5 rows x 6 columns]
INFO:root:             Start         End  ...  End_seconds  End_samples
Tamaki                          ...                          
3       0:04:38.58  0:04:43.95  ...       283.95     12522195
7       0:04:45.10  0:04:57.55  ...       297.55     13121955
16      0:05:14.01  0:05:16.75  ...       316.75     13968675
18      0:05:20.70  0:05:34.18  ...       334.18     14737338
24      0:05:38.47  0:05:47.32  ...       347.32     15316812

[5 rows x 6 columns]
INFO:root:                    Start         End  ...  End_seconds  End_samples
Ichinose 6     0:04:43.95  0:04:45.10  ...       285.10     12572910
         12    0:04:57.55  0:05:14.01  ...       314.01     13847841
         17    0:05:16.30  0:05:20.70  ...       320.70     14142870
         23    0:05:34.18  0:05:38.47  ...       338.47     14926527
         28    0:05:47.32  0:05:54.58  ...       354.58     15636978
...                   ...         ...  ...          ...          ...
Tamaki   1106  1:01:21.05  1:01:26.30  ...      3686.30    162565830
         1109  1:01:30.75  1:01:34.70  ...      3694.70    162936270
         1112  1:01:41.60  1:01:47.75  ...      3707.75    163511775
         1115  1:01:50.60  1:01:59.50  ...      3719.50    164029950
         1117  1:02:03.30  1:02:04.70  ...      3724.70    164259270

[649 rows x 6 columns]
